/*C5*/SET SCHEMA PUBLIC
DELETE FROM CUSTOMER WHERE ID=0
DELETE FROM CUSTOMER WHERE ID=1
DELETE FROM CUSTOMER WHERE ID=2
DELETE FROM CUSTOMER WHERE ID=3
DELETE FROM CUSTOMER WHERE ID=4
DELETE FROM CUSTOMER WHERE ID=5
DELETE FROM CUSTOMER WHERE ID=6
DELETE FROM CUSTOMER WHERE ID=7
DELETE FROM CUSTOMER WHERE ID=8
DELETE FROM CUSTOMER WHERE ID=9
DELETE FROM CUSTOMER WHERE ID=10
DELETE FROM CUSTOMER WHERE ID=11
DELETE FROM CUSTOMER WHERE ID=12
DELETE FROM CUSTOMER WHERE ID=13
DELETE FROM CUSTOMER WHERE ID=14
DELETE FROM CUSTOMER WHERE ID=15
DELETE FROM CUSTOMER WHERE ID=16
DELETE FROM CUSTOMER WHERE ID=17
DELETE FROM CUSTOMER WHERE ID=18
DELETE FROM CUSTOMER WHERE ID=19
DELETE FROM CUSTOMER WHERE ID=20
DELETE FROM CUSTOMER WHERE ID=21
DELETE FROM CUSTOMER WHERE ID=22
DELETE FROM CUSTOMER WHERE ID=23
DELETE FROM CUSTOMER WHERE ID=24
DELETE FROM CUSTOMER WHERE ID=25
DELETE FROM CUSTOMER WHERE ID=26
DELETE FROM CUSTOMER WHERE ID=27
DELETE FROM CUSTOMER WHERE ID=28
DELETE FROM CUSTOMER WHERE ID=29
DELETE FROM CUSTOMER WHERE ID=30
DELETE FROM CUSTOMER WHERE ID=31
DELETE FROM CUSTOMER WHERE ID=32
DELETE FROM CUSTOMER WHERE ID=33
DELETE FROM CUSTOMER WHERE ID=34
DELETE FROM CUSTOMER WHERE ID=35
DELETE FROM CUSTOMER WHERE ID=36
DELETE FROM CUSTOMER WHERE ID=37
DELETE FROM CUSTOMER WHERE ID=38
DELETE FROM CUSTOMER WHERE ID=39
DELETE FROM CUSTOMER WHERE ID=40
DELETE FROM CUSTOMER WHERE ID=41
DELETE FROM CUSTOMER WHERE ID=42
DELETE FROM CUSTOMER WHERE ID=43
DELETE FROM CUSTOMER WHERE ID=44
DELETE FROM CUSTOMER WHERE ID=45
DELETE FROM CUSTOMER WHERE ID=46
DELETE FROM CUSTOMER WHERE ID=47
DELETE FROM CUSTOMER WHERE ID=48
DELETE FROM CUSTOMER WHERE ID=49
DELETE FROM CUSTOMER WHERE ID=50
DELETE FROM CUSTOMER WHERE ID=51
DELETE FROM CUSTOMER WHERE ID=56
DELETE FROM CUSTOMER WHERE ID=57
DELETE FROM CUSTOMER WHERE ID=58
DELETE FROM CUSTOMER WHERE ID=59
DELETE FROM CUSTOMER WHERE ID=60
DELETE FROM CUSTOMER WHERE ID=61
DELETE FROM CUSTOMER WHERE ID=62
DELETE FROM CUSTOMER WHERE ID=63
DELETE FROM CUSTOMER WHERE ID=84
DELETE FROM CUSTOMER WHERE ID=101
DELETE FROM CUSTOMER WHERE ID=121
DELETE FROM CUSTOMER WHERE ID=128
DELETE FROM CUSTOMER WHERE ID=129
DELETE FROM CUSTOMER WHERE ID=130
DELETE FROM CUSTOMER WHERE ID=164
DELETE FROM CUSTOMER WHERE ID=210
DELETE FROM CUSTOMER WHERE ID=211
DELETE FROM CUSTOMER WHERE ID=214
DELETE FROM CUSTOMER WHERE ID=231
DELETE FROM CUSTOMER WHERE ID=234
DELETE FROM CUSTOMER WHERE ID=254
DELETE FROM CUSTOMER WHERE ID=256
DELETE FROM CUSTOMER WHERE ID=264
DELETE FROM CUSTOMER WHERE ID=266
DELETE FROM CUSTOMER WHERE ID=270
DELETE FROM CUSTOMER WHERE ID=271
DELETE FROM CUSTOMER WHERE ID=273
DELETE FROM CUSTOMER WHERE ID=284
DELETE FROM CUSTOMER WHERE ID=285
DELETE FROM CUSTOMER WHERE ID=434
DELETE FROM CUSTOMER WHERE ID=560
INSERT INTO CUSTOMER VALUES(0,'Laura','Steel','429 Seventh Av.','213')
INSERT INTO CUSTOMER VALUES(1,'Robert','King','267 - 20th Ave.','213')
INSERT INTO CUSTOMER VALUES(2,'Robert','Sommer','22 - 20th Ave.','213')
INSERT INTO CUSTOMER VALUES(3,'Michael','Smith','455 Upland Pl.','213')
INSERT INTO CUSTOMER VALUES(4,'Bill','Fuller','363 Seventh Av.','213')
INSERT INTO CUSTOMER VALUES(5,'Laura','White','127 - 20th Ave.','213')
INSERT INTO CUSTOMER VALUES(6,'Robert','King','550 Seventh Av.','213')
INSERT INTO CUSTOMER VALUES(7,'Susanne','Clancy','138 Seventh Av.','213')
INSERT INTO CUSTOMER VALUES(8,'Bob','Heiniger','226 - 20th Ave.','213')
INSERT INTO CUSTOMER VALUES(9,'Robert','Ott','2 - 20th Ave.','213')
INSERT INTO CUSTOMER VALUES(10,'Anne','Smith','125 - 20th Ave.','213')
INSERT INTO CUSTOMER VALUES(11,'Susanne','Karsen','53 Seventh Av.','213')
INSERT INTO CUSTOMER VALUES(12,'John','Peterson','41 Upland Pl.','213')
INSERT INTO CUSTOMER VALUES(13,'Michael','Clancy','542 Upland Pl.','213')
INSERT INTO CUSTOMER VALUES(14,'James','King','268 Upland Pl.','213')
INSERT INTO CUSTOMER VALUES(15,'Anne','Fuller','257 College Av.','213')
INSERT INTO CUSTOMER VALUES(16,'Robert','Schneider','255 Upland Pl.','213')
INSERT INTO CUSTOMER VALUES(17,'George','King','116 College Av.','213')
INSERT INTO CUSTOMER VALUES(18,'Sylvia','Clancy','271 Seventh Av.','213')
INSERT INTO CUSTOMER VALUES(19,'Janet','Peterson','297 College Av.','213')
INSERT INTO CUSTOMER VALUES(20,'Bob','Clancy','3 College Av.','213')
INSERT INTO CUSTOMER VALUES(21,'Susanne','Ott','240 Upland Pl.','213')
INSERT INTO CUSTOMER VALUES(22,'John','Steel','352 Upland Pl.','213')
INSERT INTO CUSTOMER VALUES(23,'Andrew','Ott','326 - 20th Ave.','213')
INSERT INTO CUSTOMER VALUES(24,'Susanne','Clancy','366 Seventh Av.','213')
INSERT INTO CUSTOMER VALUES(25,'Bob','Karsen','346 Seventh Av.','213')
INSERT INTO CUSTOMER VALUES(26,'Sylvia','Heiniger','174 - 20th Ave.','213')
INSERT INTO CUSTOMER VALUES(27,'Janet','Sommer','481 College Av.','213')
INSERT INTO CUSTOMER VALUES(28,'Sylvia','May','427 - 20th Ave.','213')
INSERT INTO CUSTOMER VALUES(29,'Sylvia','Heiniger','385 Seventh Av.','213')
INSERT INTO CUSTOMER VALUES(30,'Julia','King','321 Seventh Av.','213')
INSERT INTO CUSTOMER VALUES(31,'Anne','Miller','239 Upland Pl.','213')
INSERT INTO CUSTOMER VALUES(32,'Susanne','Peterson','159 Seventh Av.','213')
INSERT INTO CUSTOMER VALUES(33,'Michael','Heiniger','124 Seventh Av.','213')
INSERT INTO CUSTOMER VALUES(34,'John','Steel','82 - 20th Ave.','213')
INSERT INTO CUSTOMER VALUES(35,'Sylvia','White','54 Upland Pl.','213')
INSERT INTO CUSTOMER VALUES(36,'George','King','325 Seventh Av.','213')
INSERT INTO CUSTOMER VALUES(37,'Michael','Heiniger','320 Seventh Av.','213')
INSERT INTO CUSTOMER VALUES(38,'Andrew','Ringer','62 Upland Pl.','213')
INSERT INTO CUSTOMER VALUES(39,'Robert','Schneider','191 Seventh Av.','213')
INSERT INTO CUSTOMER VALUES(40,'John','Clancy','366 Seventh Av.','213')
INSERT INTO CUSTOMER VALUES(41,'Julia','Karsen','490 College Av.','213')
INSERT INTO CUSTOMER VALUES(42,'Julia','May','216 College Av.','213')
INSERT INTO CUSTOMER VALUES(43,'Anne','Ringer','69 - 20th Ave.','213')
INSERT INTO CUSTOMER VALUES(44,'Andrew','Ott','158 - 20th Ave.','213')
INSERT INTO CUSTOMER VALUES(45,'James','Karsen','368 Seventh Av.','213')
INSERT INTO CUSTOMER VALUES(46,'Andrew','Smith','527 Seventh Av.','213')
INSERT INTO CUSTOMER VALUES(47,'James','Karsen','517 Upland Pl.','213')
INSERT INTO CUSTOMER VALUES(48,'Bob','Schneider','270 Upland Pl.','213')
INSERT INTO CUSTOMER VALUES(49,'Robert','Steel','242 Upland Pl.','213')
INSERT INTO CUSTOMER VALUES(50,'2','3','4','213')
INSERT INTO CUSTOMER VALUES(51,'2','3','4','213')
INSERT INTO CUSTOMER VALUES(56,'2','3','4','213')
INSERT INTO CUSTOMER VALUES(57,'2','3','4','213')
INSERT INTO CUSTOMER VALUES(58,'2','3','4','213')
INSERT INTO CUSTOMER VALUES(59,'2','3','4','213')
INSERT INTO CUSTOMER VALUES(60,'2','3','4','213')
INSERT INTO CUSTOMER VALUES(61,'2','3','4','213')
INSERT INTO CUSTOMER VALUES(62,'2','3','4','213')
INSERT INTO CUSTOMER VALUES(63,'2','3','4','213')
INSERT INTO CUSTOMER VALUES(84,'2','3','4','213')
INSERT INTO CUSTOMER VALUES(101,'1','1','1','213')
INSERT INTO CUSTOMER VALUES(121,'1','1','1','213')
INSERT INTO CUSTOMER VALUES(128,'LEI','YANG','TSINGHUA','213')
INSERT INTO CUSTOMER VALUES(129,'L','Y','TS','213')
INSERT INTO CUSTOMER VALUES(130,'L','Y','TS','213')
INSERT INTO CUSTOMER VALUES(164,'2','3','4','213')
INSERT INTO CUSTOMER VALUES(210,'2','3','4','213')
INSERT INTO CUSTOMER VALUES(211,'2','3','4','213')
INSERT INTO CUSTOMER VALUES(214,'2','3','4','213')
INSERT INTO CUSTOMER VALUES(231,'1','2','3','213')
INSERT INTO CUSTOMER VALUES(234,'2','3','4','213')
INSERT INTO CUSTOMER VALUES(254,'2','3','4','213')
INSERT INTO CUSTOMER VALUES(256,'L','Y','TS','213')
INSERT INTO CUSTOMER VALUES(264,'2','3','4','213')
INSERT INTO CUSTOMER VALUES(266,'2','3','4','213')
INSERT INTO CUSTOMER VALUES(270,'2','3','4','213')
INSERT INTO CUSTOMER VALUES(271,'2','3','4','213')
INSERT INTO CUSTOMER VALUES(273,'2','3','4','213')
INSERT INTO CUSTOMER VALUES(284,'2','3','4','213')
INSERT INTO CUSTOMER VALUES(285,'2','3','4','213')
INSERT INTO CUSTOMER VALUES(434,'2','3','4','213')
INSERT INTO CUSTOMER VALUES(560,'2','3','4','213')
COMMIT
